2024-10-22 18:07:08,868 - root - INFO - ### opened ###
2024-10-22 18:07:08,869 - root - INFO - Subscribed to MSFT
2024-10-22 18:07:08,869 - root - INFO - Subscribed to AMZN
2024-10-22 18:07:09,865 - root - INFO - Saving record for AMZN into csv file
2024-10-22 18:07:11,866 - root - INFO - Saving record for MSFT into csv file
2024-10-22 18:07:12,869 - root - INFO - Saving record for MSFT into csv file
2024-10-22 18:07:13,871 - root - INFO - Saving record for MSFT into csv file
2024-10-22 18:07:14,870 - root - INFO - Saving record for MSFT into csv file
2024-10-22 18:07:15,885 - root - INFO - Saving record for MSFT into csv file
2024-10-22 18:07:15,885 - root - INFO - Saving record for AMZN into csv file
2024-10-22 18:07:15,886 - root - INFO - Saving record for AMZN into csv file
2024-10-22 18:07:17,869 - root - INFO - Saving record for MSFT into csv file
2024-10-22 18:07:17,870 - root - INFO - Saving record for MSFT into csv file
2024-10-22 18:07:18,869 - root - INFO - Saving record for MSFT into csv file
2024-10-22 18:07:19,870 - root - INFO - Saving record for MSFT into csv file
2024-10-22 18:07:28,875 - root - INFO - Saving record for MSFT into csv file
2024-10-22 18:07:29,881 - root - INFO - Saving record for MSFT into csv file
2024-10-22 18:07:31,875 - root - INFO - Saving record for MSFT into csv file
2024-10-22 18:07:34,877 - root - INFO - Saving record for MSFT into csv file
2024-10-22 18:07:35,877 - root - INFO - Saving record for AMZN into csv file
2024-10-22 18:07:37,881 - root - INFO - Saving record for AMZN into csv file
2024-10-22 18:07:38,879 - root - INFO - Saving record for AMZN into csv file
2024-10-22 18:07:41,394 - root - INFO - ### closed ###

